<?xml version="1.0" encoding="UTF-8"?>
<!-- Generated by org.testng.reporters.JUnitXMLReporter -->
<testsuite ignored="0" hostname="LAPTOP-S009O8FF" failures="0" tests="5" name="ChromeTest" time="21.22" errors="0" timestamp="2023-09-14T21:26:13 IST">
  <testcase classname="sep14.Cross_BrowserTesting" name="validate_Login" time="6.618"/>
  <testcase classname="sep14.Cross_BrowserTesting" name="validate_Login" time="2.009"/>
  <testcase classname="sep14.Cross_BrowserTesting" name="validate_Login" time="1.571"/>
  <testcase classname="sep14.Cross_BrowserTesting" name="validate_Login" time="3.737"/>
  <testcase classname="sep14.Cross_BrowserTesting" name="validate_Login" time="1.804"/>
</testsuite> <!-- ChromeTest -->
