<?xml version="1.0" encoding="UTF-8"?>
<!-- Generated by org.testng.reporters.JUnitXMLReporter -->
<testsuite ignored="0" hostname="LAPTOP-S009O8FF" failures="0" tests="5" name="FirefoxTest" time="2.082" errors="0" timestamp="2023-09-14T21:26:15 IST">
  <testcase classname="sep14.Cross_BrowserTesting" name="validate_Login" time="0.0">
    <skipped/>
  </testcase> <!-- validate_Login -->
  <testcase classname="sep14.Cross_BrowserTesting" name="validate_Login" time="0.0">
    <skipped/>
  </testcase> <!-- validate_Login -->
  <testcase classname="sep14.Cross_BrowserTesting" name="validate_Login" time="0.0">
    <skipped/>
  </testcase> <!-- validate_Login -->
  <testcase classname="sep14.Cross_BrowserTesting" name="validate_Login" time="0.0">
    <skipped/>
  </testcase> <!-- validate_Login -->
  <testcase classname="sep14.Cross_BrowserTesting" name="validate_Login" time="0.0">
    <skipped/>
  </testcase> <!-- validate_Login -->
</testsuite> <!-- FirefoxTest -->
