<?xml version="1.0" encoding="UTF-8"?>
<!-- Generated by org.testng.reporters.JUnitXMLReporter -->
<testsuite ignored="0" hostname="LAPTOP-S009O8FF" failures="0" tests="3" name="Test1" time="13.987" errors="0" timestamp="2023-09-14T15:29:06 IST">
  <testcase classname="Sep11.FirstTestNGClass" name="branches" time="0.915"/>
  <testcase classname="Sep11.FirstTestNGClass" name="role" time="0.885"/>
  <testcase classname="Sep11.FirstTestNGClass" name="users" time="3.989"/>
</testsuite> <!-- Test1 -->
