<?xml version="1.0" encoding="UTF-8"?>
<!-- Generated by org.testng.reporters.JUnitXMLReporter -->
<testsuite ignored="0" hostname="LAPTOP-S009O8FF" failures="0" tests="3" name="Test3" time="3.29" errors="0" timestamp="2023-09-14T15:28:55 IST">
  <testcase classname="Sep11.ThirdtestNGClass" name="cbanking" time="0.586"/>
  <testcase classname="Sep11.ThirdtestNGClass" name="ibanking" time="0.422"/>
  <testcase classname="Sep11.ThirdtestNGClass" name="pbanking" time="2.206"/>
</testsuite> <!-- Test3 -->
