<?xml version="1.0" encoding="UTF-8"?>
<testng-results ignored="0" total="1" passed="1" failed="0" skipped="0">
  <reporter-output>
  </reporter-output>
  <suite started-at="2023-09-15T16:15:04 IST" name="Default suite" finished-at="2023-09-15T16:15:25 IST" duration-ms="20880">
    <groups>
    </groups>
    <test started-at="2023-09-15T16:15:04 IST" name="Default test" finished-at="2023-09-15T16:15:25 IST" duration-ms="20880">
      <class name="sep15.Register_Demo">
        <test-method is-config="true" signature="setUp()[pri:0, instance:sep15.Register_Demo@5afa3c9]" started-at="2023-09-15T16:15:04 IST" name="setUp" finished-at="2023-09-15T16:15:11 IST" duration-ms="6884" status="PASS">
          <reporter-output>
          </reporter-output>
        </test-method> <!-- setUp -->
        <test-method signature="startTest()[pri:0, instance:sep15.Register_Demo@5afa3c9]" started-at="2023-09-15T16:15:11 IST" name="startTest" finished-at="2023-09-15T16:15:16 IST" duration-ms="5648" status="PASS">
          <reporter-output>
          </reporter-output>
        </test-method> <!-- startTest -->
        <test-method is-config="true" signature="tearDown()[pri:0, instance:sep15.Register_Demo@5afa3c9]" started-at="2023-09-15T16:15:16 IST" name="tearDown" finished-at="2023-09-15T16:15:25 IST" duration-ms="8289" status="PASS">
          <reporter-output>
          </reporter-output>
        </test-method> <!-- tearDown -->
      </class> <!-- sep15.Register_Demo -->
    </test> <!-- Default test -->
  </suite> <!-- Default suite -->
</testng-results>
